DEBUG:urllib3.connectionpool:https://whoisapi-whois-v2-v1.p.rapidapi.com:443 "GET /whoisserver/WhoisService?domainName=whoisxmlapi.com&apiKey=2984a54fefmshc74f30556bd9945p1abe3cjsnb7345af76245&outputFormat=XML&da=0&ipwhois=0&thinWhois=0&_parse=0&preferfresh=0&checkproxydata=0&ip=0 HTTP/1.1" 401 None
DEBUG:urllib3.connectionpool:Starting new HTTPS connection (1): whoisapi-whois-v2-v1.p.rapidapi.com:443
DEBUG:urllib3.connectionpool:https://whoisapi-whois-v2-v1.p.rapidapi.com:443 "GET /whoisserver/WhoisService?domainName=whoisxmlapi.com&apiKey=2984a54fefmshc74f30556bd9945p1abe3cjsnb7345af76245&outputFormat=XML&da=0&ipwhois=0&thinWhois=0&_parse=0&preferfresh=0&checkproxydata=0&ip=0 HTTP/1.1" 401 None
DEBUG:urllib3.connectionpool:Starting new HTTPS connection (1): whoisapi-whois-v2-v1.p.rapidapi.com:443
DEBUG:urllib3.connectionpool:https://whoisapi-whois-v2-v1.p.rapidapi.com:443 "GET /whoisserver/WhoisService?domainName=whoisxmlapi.com&apiKey=2984a54fefmshc74f30556bd9945p1abe3cjsnb7345af76245&outputFormat=XML&da=0&ipwhois=0&thinWhois=0&_parse=0&preferfresh=0&checkproxydata=0&ip=0 HTTP/1.1" 401 None
DEBUG:urllib3.connectionpool:Starting new HTTPS connection (1): whoisapi-whois-v2-v1.p.rapidapi.com:443
DEBUG:urllib3.connectionpool:https://whoisapi-whois-v2-v1.p.rapidapi.com:443 "GET /whoisserver/WhoisService?domainName=whoisxmlapi.com&apiKey=2984a54fefmshc74f30556bd9945p1abe3cjsnb7345af76245&outputFormat=XML&da=0&ipwhois=0&thinWhois=0&_parse=0&preferfresh=0&checkproxydata=0&ip=0 HTTP/1.1" 401 None
DEBUG:urllib3.connectionpool:Starting new HTTPS connection (1): whoisapi-whois-v2-v1.p.rapidapi.com:443
DEBUG:urllib3.connectionpool:https://whoisapi-whois-v2-v1.p.rapidapi.com:443 "GET /whoisserver/WhoisService HTTP/1.1" 200 None
DEBUG:urllib3.connectionpool:Starting new HTTPS connection (1): whoisapi-whois-v2-v1.p.rapidapi.com:443
DEBUG:urllib3.connectionpool:https://whoisapi-whois-v2-v1.p.rapidapi.com:443 "GET /whoisserver/WhoisService HTTP/1.1" 200 None
DEBUG:urllib3.connectionpool:Starting new HTTPS connection (1): whoisapi-whois-v2-v1.p.rapidapi.com:443
DEBUG:urllib3.connectionpool:https://whoisapi-whois-v2-v1.p.rapidapi.com:443 "GET /whoisserver/WhoisService HTTP/1.1" 200 None
DEBUG:urllib3.connectionpool:Starting new HTTPS connection (1): whoisapi-whois-v2-v1.p.rapidapi.com:443
DEBUG:urllib3.connectionpool:https://whoisapi-whois-v2-v1.p.rapidapi.com:443 "GET /whoisserver/WhoisService?domainName=whoisxmlapi.com&apiKey=%3CREQUIRED%3E HTTP/1.1" 401 None
DEBUG:urllib3.connectionpool:Starting new HTTPS connection (1): whoisapi-whois-v2-v1.p.rapidapi.com:443
DEBUG:urllib3.connectionpool:https://whoisapi-whois-v2-v1.p.rapidapi.com:443 "GET /whoisserver/WhoisService?domainName=whoisxmlapi.com&apiKey=2984a54fefmshc74f30556bd9945p1abe3cjsnb7345af76245 HTTP/1.1" 401 None
DEBUG:urllib3.connectionpool:Starting new HTTPS connection (1): whoisapi-whois-v2-v1.p.rapidapi.com:443
DEBUG:urllib3.connectionpool:https://whoisapi-whois-v2-v1.p.rapidapi.com:443 "GET /whoisserver/WhoisService?domainName=whoisxmlapi.com&apiKey=2984a54fefmshc74f30556bd9945p1abe3cjsnb7345af76245&outputFormat=XML HTTP/1.1" 401 None
DEBUG:urllib3.connectionpool:Starting new HTTPS connection (1): whoisapi-whois-v2-v1.p.rapidapi.com:443
DEBUG:urllib3.connectionpool:https://whoisapi-whois-v2-v1.p.rapidapi.com:443 "GET /whoisserver/WhoisService?domainName=whoisxmlapi.com&apiKey=2984a54fefmshc74f30556bd9945p1abe3cjsnb7345af76245&outputFormat=XML&da=0&ipwhois=0&thinWhois=0&_parse=0&preferfresh=0&checkproxydata=0&ip=0 HTTP/1.1" 401 None
DEBUG:urllib3.connectionpool:Starting new HTTPS connection (1): whoisapi-whois-v2-v1.p.rapidapi.com:443
DEBUG:urllib3.connectionpool:https://whoisapi-whois-v2-v1.p.rapidapi.com:443 "GET /whoisserver/WhoisService?domainName=whoisxmlapi.com&apiKey=2984a54fefmshc74f30556bd9945p1abe3cjsnb7345af76245&outputFormat=XML&da=0&ipwhois=0&thinWhois=0&_parse=0&preferfresh=0&checkproxydata=0&ip=0 HTTP/1.1" 401 None
DEBUG:urllib3.connectionpool:Starting new HTTPS connection (1): whoisapi-whois-v2-v1.p.rapidapi.com:443
DEBUG:urllib3.connectionpool:https://whoisapi-whois-v2-v1.p.rapidapi.com:443 "GET /whoisserver/WhoisService?domainName=whoisxmlapi.com&apiKey=2984a54fefmshc74f30556bd9945p1abe3cjsnb7345af76245&outputFormat=XML&da=0&ipwhois=0&thinWhois=0&_parse=0&preferfresh=0&checkproxydata=0&ip=0 HTTP/1.1" 401 None
DEBUG:urllib3.connectionpool:Starting new HTTPS connection (1): whoisapi-whois-v2-v1.p.rapidapi.com:443
DEBUG:urllib3.connectionpool:https://whoisapi-whois-v2-v1.p.rapidapi.com:443 "GET /whoisserver/WhoisService?domainName=whoisxmlapi.com&apiKey=2984a54fefmshc74f30556bd9945p1abe3cjsnb7345af76245&outputFormat=XML&da=0&ipwhois=0&thinWhois=0&_parse=0&preferfresh=0&checkproxydata=0&ip=0 HTTP/1.1" 401 None
DEBUG:urllib3.connectionpool:Starting new HTTPS connection (1): whoisapi-whois-v2-v1.p.rapidapi.com:443
DEBUG:urllib3.connectionpool:https://whoisapi-whois-v2-v1.p.rapidapi.com:443 "GET /whoisserver/WhoisService?domainName=whoisxmlapi.com&apiKey=2984a54fefmshc74f30556bd9945p1abe3cjsnb7345af76245&outputFormat=XML&da=0&ipwhois=0&thinWhois=0&_parse=0&preferfresh=0&checkproxydata=0&ip=0 HTTP/1.1" 401 None
DEBUG:urllib3.connectionpool:Starting new HTTPS connection (1): whoisapi-whois-v2-v1.p.rapidapi.com:443
DEBUG:urllib3.connectionpool:https://whoisapi-whois-v2-v1.p.rapidapi.com:443 "GET /whoisserver/WhoisService?domainName=whoisxmlapi.com&apiKey=API_KEY.RAPIDAPI_KEY&outputFormat=XML&da=0&ipwhois=0&thinWhois=0&_parse=0&preferfresh=0&checkproxydata=0&ip=0 HTTP/1.1" 401 None
DEBUG:urllib3.connectionpool:Starting new HTTPS connection (1): whoisapi-whois-v2-v1.p.rapidapi.com:443
DEBUG:urllib3.connectionpool:https://whoisapi-whois-v2-v1.p.rapidapi.com:443 "GET /whoisserver/WhoisService?domainName=whoisxmlapi.com&apiKey=API_KEY.RAPIDAPI_KEY&outputFormat=XML&da=0&ipwhois=0&thinWhois=0&_parse=0&preferfresh=0&checkproxydata=0&ip=0 HTTP/1.1" 401 None
ERROR:root:An api error has occured: Header part (<API_KEY.RAPIDAPI_KEY_ENUM: '2984a54fefmshc74f30556bd9945p1abe3cjsnb7345af76245'>) from ('X-RapidAPI-Key', <API_KEY.RAPIDAPI_KEY_ENUM: '2984a54fefmshc74f30556bd9945p1abe3cjsnb7345af76245'>) must be of type str or bytes, not <enum 'API_KEY'>
DEBUG:urllib3.connectionpool:Starting new HTTPS connection (1): whoisapi-whois-v2-v1.p.rapidapi.com:443
DEBUG:urllib3.connectionpool:https://whoisapi-whois-v2-v1.p.rapidapi.com:443 "GET /whoisserver/WhoisService?domainName=whoisxmlapi.com&outputFormat=XML&da=0&ipwhois=0&thinWhois=0&_parse=0&preferfresh=0&checkproxydata=0&ip=0 HTTP/1.1" 401 None
DEBUG:urllib3.connectionpool:Starting new HTTPS connection (1): whoisapi-whois-v2-v1.p.rapidapi.com:443
DEBUG:urllib3.connectionpool:https://whoisapi-whois-v2-v1.p.rapidapi.com:443 "GET /whoisserver/WhoisService?domainName=whoisxmlapi.com&outputFormat=XML&da=0&ipwhois=0&thinWhois=0&_parse=0&preferfresh=0&checkproxydata=0&ip=0 HTTP/1.1" 401 None
DEBUG:urllib3.connectionpool:Starting new HTTPS connection (1): whoisapi-whois-v2-v1.p.rapidapi.com:443
DEBUG:urllib3.connectionpool:https://whoisapi-whois-v2-v1.p.rapidapi.com:443 "GET /whoisserver/WhoisService?domainName=google.com&outputFormat=XML&da=0&ipwhois=0&thinWhois=0&_parse=0&preferfresh=0&checkproxydata=0&ip=0 HTTP/1.1" 401 None
DEBUG:urllib3.connectionpool:Starting new HTTPS connection (1): whoisapi-bulk-whois-v1.p.rapidapi.com:443
DEBUG:urllib3.connectionpool:https://whoisapi-bulk-whois-v1.p.rapidapi.com:443 "POST /BulkWhoisLookup/bulkServices/bulkWhois HTTP/1.1" 401 None
DEBUG:urllib3.connectionpool:Starting new HTTPS connection (1): zozor54-whois-lookup-v1.p.rapidapi.com:443
DEBUG:urllib3.connectionpool:https://zozor54-whois-lookup-v1.p.rapidapi.com:443 "GET /?domain=google.com&format=json HTTP/1.1" 403 None
DEBUG:urllib3.connectionpool:Starting new HTTPS connection (1): zozor54-whois-lookup-v1.p.rapidapi.com:443
DEBUG:urllib3.connectionpool:https://zozor54-whois-lookup-v1.p.rapidapi.com:443 "GET /?domain=google.com&format=json HTTP/1.1" 200 9367
